Using pre-set license
Built from '2020.3/staging' branch; Version is '2020.3.0f1 (c7b5465681fb) revision 13088070'; Using compiler version '192528614'; Build Type 'Release'
OS: 'Windows 10 Home; OS build 19042.928; Version 2009; 64bit' Language: 'en' Physical Memory: 8092 MB
BatchMode: 1, IsHumanControllingUs: 0, StartBugReporterOnCrash: 0, Is64bit: 1, IsPro: 0

 COMMAND LINE ARGUMENTS:
C:\Program Files\Unity\Hub\Editor\2020.3.0f1\Editor\Unity.exe
-adb2
-batchMode
-noUpm
-name
AssetImportWorker0
-projectPath
C:/Users/aviha/Desktop/Game Develop/Repos/Zombie-Attack/Zombie Attack
-logFile
Logs/AssetImportWorker0.log
-srvPort
53126
Successfully changed project path to: C:/Users/aviha/Desktop/Game Develop/Repos/Zombie-Attack/Zombie Attack
C:/Users/aviha/Desktop/Game Develop/Repos/Zombie-Attack/Zombie Attack
Using Asset Import Pipeline V2.
Refreshing native plugins compatible for Editor in 40.38 ms, found 0 plugins.
Preloading 0 native plugins for Editor in 0.00 ms.
Initialize engine version: 2020.3.0f1 (c7b5465681fb)
[Subsystems] Discovering subsystems at path C:/Program Files/Unity/Hub/Editor/2020.3.0f1/Editor/Data/Resources/UnitySubsystems
[Subsystems] Discovering subsystems at path C:/Users/aviha/Desktop/Game Develop/Repos/Zombie-Attack/Zombie Attack/Assets
GfxDevice: creating device client; threaded=0
Direct3D:
    Version:  Direct3D 11.0 [level 11.1]
    Renderer: Intel(R) UHD Graphics 620 (ID=0x5917)
    Vendor:   
    VRAM:     4046 MB
    Driver:   26.20.100.8142
Initialize mono
Mono path[0] = 'C:/Program Files/Unity/Hub/Editor/2020.3.0f1/Editor/Data/Managed'
Mono path[1] = 'C:/Program Files/Unity/Hub/Editor/2020.3.0f1/Editor/Data/MonoBleedingEdge/lib/mono/unityjit'
Mono config path = 'C:/Program Files/Unity/Hub/Editor/2020.3.0f1/Editor/Data/MonoBleedingEdge/etc'
Using monoOptions --debugger-agent=transport=dt_socket,embedding=1,server=y,suspend=n,address=127.0.0.1:56076
Begin MonoManager ReloadAssembly
Registering precompiled unity dll's ...
Register platform support module: C:/Program Files/Unity/Hub/Editor/2020.3.0f1/Editor/Data/PlaybackEngines/WebGLSupport/UnityEditor.WebGL.Extensions.dll
Register platform support module: C:/Program Files/Unity/Hub/Editor/2020.3.0f1/Editor/Data/PlaybackEngines/WindowsStandaloneSupport/UnityEditor.WindowsStandalone.Extensions.dll
Registered in 0.003778 seconds.
Native extension for WindowsStandalone target not found
Native extension for WebGL target not found
Refreshing native plugins compatible for Editor in 30.97 ms, found 0 plugins.
Preloading 0 native plugins for Editor in 0.00 ms.
Invoked RoslynAnalysisRunner static constructor.
RoslynAnalysisRunner will not be running.
RoslynAnalysisRunner has terminated.
Mono: successfully reloaded assembly
- Completed reload, in  1.410 seconds
Platform modules already initialized, skipping
Registering precompiled user dll's ...
Registered in 0.001028 seconds.
Begin MonoManager ReloadAssembly
Native extension for WindowsStandalone target not found
Native extension for WebGL target not found
Refreshing native plugins compatible for Editor in 0.28 ms, found 0 plugins.
Preloading 0 native plugins for Editor in 0.00 ms.
Invoked RoslynAnalysisRunner static constructor.
RoslynAnalysisRunner will not be running.
RoslynAnalysisRunner has terminated.
Mono: successfully reloaded assembly
- Completed reload, in  0.952 seconds
Platform modules already initialized, skipping
========================================================================
Worker process is ready to serve import requests
Launched and connected shader compiler UnityShaderCompiler.exe after 0.06 seconds
Refreshing native plugins compatible for Editor in 0.29 ms, found 0 plugins.
Preloading 0 native plugins for Editor in 0.00 ms.
Unloading 1232 Unused Serialized files (Serialized files now loaded: 0)
System memory in use before: 69.1 MB.
System memory in use after: 68.7 MB.

Unloading 12 unused Assets to reduce memory usage. Loaded Objects now: 1683.
Total: 2.447000 ms (FindLiveObjects: 0.169200 ms CreateObjectMapping: 0.057300 ms MarkObjects: 1.814000 ms  DeleteObjects: 0.405600 ms)

========================================================================
Received Import Request.
  path: Assets/Scripts/EnemyAttack.cs
  artifactKey: Guid(fe53f7a191d59914b89ca6432b12b5d7) Importer(815301076,1909f56bfc062723c751e8b465ee728b)
Start importing Assets/Scripts/EnemyAttack.cs using Guid(fe53f7a191d59914b89ca6432b12b5d7) Importer(815301076,1909f56bfc062723c751e8b465ee728b)  -> (artifact id: '184437cb48041c9c23ae3b303520e30c') in 0.043100 seconds
  Import took 0.046348 seconds .

========================================================================
Received Import Request.
  Time since last request: 12.947316 seconds.
  path: Assets/Scripts/EnemyHealth.cs
  artifactKey: Guid(cf066362d92877a46af31f012e69173e) Importer(815301076,1909f56bfc062723c751e8b465ee728b)
Start importing Assets/Scripts/EnemyHealth.cs using Guid(cf066362d92877a46af31f012e69173e) Importer(815301076,1909f56bfc062723c751e8b465ee728b)  -> (artifact id: 'c728d845b83d053b14e3021aeb6cea9c') in 0.013784 seconds
  Import took 0.016724 seconds .

========================================================================
Received Import Request.
  Time since last request: 20.276836 seconds.
  path: Assets/Scripts/PlayerHealth.cs
  artifactKey: Guid(7350b3d67461ffb4987bae45d6ef5d22) Importer(815301076,1909f56bfc062723c751e8b465ee728b)
Start importing Assets/Scripts/PlayerHealth.cs using Guid(7350b3d67461ffb4987bae45d6ef5d22) Importer(815301076,1909f56bfc062723c751e8b465ee728b)  -> (artifact id: '63105182991d74271982482f48be79c9') in 0.011024 seconds
  Import took 0.013987 seconds .

========================================================================
Received Import Request.
  Time since last request: 461.689985 seconds.
  path: Assets/Asset Packs/Zombie/Prefabs
  artifactKey: Guid(62092c25312055548a5b415184883759) Importer(815301076,1909f56bfc062723c751e8b465ee728b)
Start importing Assets/Asset Packs/Zombie/Prefabs using Guid(62092c25312055548a5b415184883759) Importer(815301076,1909f56bfc062723c751e8b465ee728b)  -> (artifact id: 'cd254015a1de6816a7856fd7560b2808') in 0.012586 seconds
  Import took 0.016398 seconds .

========================================================================
Received Import Request.
  Time since last request: 1.043877 seconds.
  path: Assets/Asset Packs/Zombie/Prefabs/Zombie1.prefab
  artifactKey: Guid(6dc4cf4496348884d8ee27743ae38562) Importer(815301076,1909f56bfc062723c751e8b465ee728b)
Start importing Assets/Asset Packs/Zombie/Prefabs/Zombie1.prefab using Guid(6dc4cf4496348884d8ee27743ae38562) Importer(815301076,1909f56bfc062723c751e8b465ee728b)  -> (artifact id: 'da09ea19ce78c0e14407e6eaf4c20494') in 0.403358 seconds
  Import took 0.407056 seconds .

========================================================================
Received Import Request.
  Time since last request: 1.149738 seconds.
  path: Assets/Asset Packs/Zombie/Prefabs/Zombie2.prefab
  artifactKey: Guid(d58be77cba3adf54cb14b15052b86514) Importer(815301076,1909f56bfc062723c751e8b465ee728b)
Start importing Assets/Asset Packs/Zombie/Prefabs/Zombie2.prefab using Guid(d58be77cba3adf54cb14b15052b86514) Importer(815301076,1909f56bfc062723c751e8b465ee728b)  -> (artifact id: 'fdf95cbcbe051bce80f9429b419ec1af') in 0.104757 seconds
  Import took 0.108518 seconds .

========================================================================
Received Import Request.
  Time since last request: 1.252166 seconds.
  path: Assets/Asset Packs/Zombie/Prefabs/Zombie3.prefab
  artifactKey: Guid(06cb2b131fe009c47a523671a8fa9ed8) Importer(815301076,1909f56bfc062723c751e8b465ee728b)
Start importing Assets/Asset Packs/Zombie/Prefabs/Zombie3.prefab using Guid(06cb2b131fe009c47a523671a8fa9ed8) Importer(815301076,1909f56bfc062723c751e8b465ee728b)  -> (artifact id: '4a9b274263f193acc545b96e84fb70d1') in 0.100729 seconds
  Import took 0.104360 seconds .

========================================================================
Received Import Request.
  Time since last request: 50.929838 seconds.
  path: Assets/Asset Packs/Zombie/Animations/Zombie.controller
  artifactKey: Guid(2ef8e6599b7f9934e8ff0d64c5325a1f) Importer(815301076,1909f56bfc062723c751e8b465ee728b)
Start importing Assets/Asset Packs/Zombie/Animations/Zombie.controller using Guid(2ef8e6599b7f9934e8ff0d64c5325a1f) Importer(815301076,1909f56bfc062723c751e8b465ee728b)  -> (artifact id: 'f3820e4c3a7204a7d65ca22012591f8e') in 0.088716 seconds
  Import took 0.092994 seconds .

========================================================================
Received Prepare
Registering precompiled user dll's ...
Registered in 0.001052 seconds.
Begin MonoManager ReloadAssembly
Native extension for WindowsStandalone target not found
Native extension for WebGL target not found
Refreshing native plugins compatible for Editor in 0.27 ms, found 0 plugins.
Preloading 0 native plugins for Editor in 0.00 ms.
Invoked RoslynAnalysisRunner static constructor.
RoslynAnalysisRunner will not be running.
RoslynAnalysisRunner has terminated.
Mono: successfully reloaded assembly
- Completed reload, in  0.947 seconds
Platform modules already initialized, skipping
Refreshing native plugins compatible for Editor in 0.43 ms, found 0 plugins.
Preloading 0 native plugins for Editor in 0.00 ms.
Unloading 1199 Unused Serialized files (Serialized files now loaded: 0)
System memory in use before: 83.9 MB.
System memory in use after: 83.6 MB.

Unloading 7 unused Assets to reduce memory usage. Loaded Objects now: 1694.
Total: 3.646400 ms (FindLiveObjects: 0.263300 ms CreateObjectMapping: 0.089500 ms MarkObjects: 2.822000 ms  DeleteObjects: 0.468900 ms)

========================================================================
Received Prepare
Registering precompiled user dll's ...
Registered in 0.001009 seconds.
Begin MonoManager ReloadAssembly
Native extension for WindowsStandalone target not found
Native extension for WebGL target not found
Refreshing native plugins compatible for Editor in 0.27 ms, found 0 plugins.
Preloading 0 native plugins for Editor in 0.00 ms.
Invoked RoslynAnalysisRunner static constructor.
RoslynAnalysisRunner will not be running.
RoslynAnalysisRunner has terminated.
Mono: successfully reloaded assembly
- Completed reload, in  1.120 seconds
Platform modules already initialized, skipping
Refreshing native plugins compatible for Editor in 0.32 ms, found 0 plugins.
Preloading 0 native plugins for Editor in 0.00 ms.
Unloading 1199 Unused Serialized files (Serialized files now loaded: 0)
System memory in use before: 84.0 MB.
System memory in use after: 83.7 MB.

Unloading 7 unused Assets to reduce memory usage. Loaded Objects now: 1697.
Total: 2.175200 ms (FindLiveObjects: 0.157100 ms CreateObjectMapping: 0.047000 ms MarkObjects: 1.588700 ms  DeleteObjects: 0.381100 ms)

========================================================================
Received Prepare
Registering precompiled user dll's ...
Registered in 0.001336 seconds.
Begin MonoManager ReloadAssembly
Native extension for WindowsStandalone target not found
Native extension for WebGL target not found
Refreshing native plugins compatible for Editor in 0.26 ms, found 0 plugins.
Preloading 0 native plugins for Editor in 0.00 ms.
Invoked RoslynAnalysisRunner static constructor.
RoslynAnalysisRunner will not be running.
RoslynAnalysisRunner has terminated.
Mono: successfully reloaded assembly
- Completed reload, in  1.519 seconds
Platform modules already initialized, skipping
Refreshing native plugins compatible for Editor in 0.34 ms, found 0 plugins.
Preloading 0 native plugins for Editor in 0.00 ms.
Unloading 1199 Unused Serialized files (Serialized files now loaded: 0)
System memory in use before: 84.0 MB.
System memory in use after: 83.7 MB.

Unloading 7 unused Assets to reduce memory usage. Loaded Objects now: 1700.
Total: 2.454200 ms (FindLiveObjects: 0.149400 ms CreateObjectMapping: 0.043600 ms MarkObjects: 1.848600 ms  DeleteObjects: 0.411500 ms)

========================================================================
Received Import Request.
  Time since last request: 642.807925 seconds.
  path: Assets/Animation/Enemy.controller
  artifactKey: Guid(0a3960f249a030c4ebacc731bd80de79) Importer(815301076,1909f56bfc062723c751e8b465ee728b)
Start importing Assets/Animation/Enemy.controller using Guid(0a3960f249a030c4ebacc731bd80de79) Importer(815301076,1909f56bfc062723c751e8b465ee728b)  -> (artifact id: 'acbfcf4d83e7dd756d96443e4c8f71f9') in 0.032505 seconds
  Import took 0.036673 seconds .

========================================================================
Received Prepare
Registering precompiled user dll's ...
Registered in 0.002140 seconds.
Begin MonoManager ReloadAssembly
Native extension for WindowsStandalone target not found
Native extension for WebGL target not found
Refreshing native plugins compatible for Editor in 0.26 ms, found 0 plugins.
Preloading 0 native plugins for Editor in 0.00 ms.
Invoked RoslynAnalysisRunner static constructor.
RoslynAnalysisRunner will not be running.
RoslynAnalysisRunner has terminated.
Mono: successfully reloaded assembly
- Completed reload, in  1.025 seconds
Platform modules already initialized, skipping
Refreshing native plugins compatible for Editor in 0.26 ms, found 0 plugins.
Preloading 0 native plugins for Editor in 0.00 ms.
Unloading 1199 Unused Serialized files (Serialized files now loaded: 0)
System memory in use before: 84.0 MB.
System memory in use after: 83.7 MB.

Unloading 7 unused Assets to reduce memory usage. Loaded Objects now: 1703.
Total: 2.604700 ms (FindLiveObjects: 0.203100 ms CreateObjectMapping: 0.059400 ms MarkObjects: 1.899600 ms  DeleteObjects: 0.440600 ms)

========================================================================
Received Prepare
Registering precompiled user dll's ...
Registered in 0.001123 seconds.
Begin MonoManager ReloadAssembly
Native extension for WindowsStandalone target not found
Native extension for WebGL target not found
Refreshing native plugins compatible for Editor in 0.33 ms, found 0 plugins.
Preloading 0 native plugins for Editor in 0.00 ms.
Invoked RoslynAnalysisRunner static constructor.
RoslynAnalysisRunner will not be running.
RoslynAnalysisRunner has terminated.
Mono: successfully reloaded assembly
- Completed reload, in  1.314 seconds
Platform modules already initialized, skipping
Refreshing native plugins compatible for Editor in 0.26 ms, found 0 plugins.
Preloading 0 native plugins for Editor in 0.00 ms.
Unloading 1199 Unused Serialized files (Serialized files now loaded: 0)
System memory in use before: 84.0 MB.
System memory in use after: 83.7 MB.

Unloading 7 unused Assets to reduce memory usage. Loaded Objects now: 1706.
Total: 2.488200 ms (FindLiveObjects: 0.173100 ms CreateObjectMapping: 0.044400 ms MarkObjects: 1.827400 ms  DeleteObjects: 0.441800 ms)

========================================================================
Received Prepare
Registering precompiled user dll's ...
Registered in 0.001034 seconds.
Begin MonoManager ReloadAssembly
Native extension for WindowsStandalone target not found
Native extension for WebGL target not found
Refreshing native plugins compatible for Editor in 0.30 ms, found 0 plugins.
Preloading 0 native plugins for Editor in 0.00 ms.
Invoked RoslynAnalysisRunner static constructor.
RoslynAnalysisRunner will not be running.
RoslynAnalysisRunner has terminated.
Mono: successfully reloaded assembly
- Completed reload, in  1.281 seconds
Platform modules already initialized, skipping
Refreshing native plugins compatible for Editor in 0.30 ms, found 0 plugins.
Preloading 0 native plugins for Editor in 0.00 ms.
Unloading 1199 Unused Serialized files (Serialized files now loaded: 0)
System memory in use before: 84.1 MB.
System memory in use after: 83.7 MB.

Unloading 7 unused Assets to reduce memory usage. Loaded Objects now: 1709.
Total: 2.300500 ms (FindLiveObjects: 0.144700 ms CreateObjectMapping: 0.040000 ms MarkObjects: 1.712600 ms  DeleteObjects: 0.402200 ms)

========================================================================
Received Prepare
Registering precompiled user dll's ...
Registered in 0.001133 seconds.
Begin MonoManager ReloadAssembly
Native extension for WindowsStandalone target not found
Native extension for WebGL target not found
Refreshing native plugins compatible for Editor in 0.30 ms, found 0 plugins.
Preloading 0 native plugins for Editor in 0.00 ms.
Invoked RoslynAnalysisRunner static constructor.
RoslynAnalysisRunner will not be running.
RoslynAnalysisRunner has terminated.
Mono: successfully reloaded assembly
- Completed reload, in  0.985 seconds
Platform modules already initialized, skipping
Refreshing native plugins compatible for Editor in 0.28 ms, found 0 plugins.
Preloading 0 native plugins for Editor in 0.00 ms.
Unloading 1199 Unused Serialized files (Serialized files now loaded: 0)
System memory in use before: 84.1 MB.
System memory in use after: 83.7 MB.

Unloading 7 unused Assets to reduce memory usage. Loaded Objects now: 1712.
Total: 2.269900 ms (FindLiveObjects: 0.175900 ms CreateObjectMapping: 0.055000 ms MarkObjects: 1.615100 ms  DeleteObjects: 0.422600 ms)

========================================================================
Received Prepare
Registering precompiled user dll's ...
Registered in 0.001069 seconds.
Begin MonoManager ReloadAssembly
Native extension for WindowsStandalone target not found
Native extension for WebGL target not found
Refreshing native plugins compatible for Editor in 0.29 ms, found 0 plugins.
Preloading 0 native plugins for Editor in 0.00 ms.
Invoked RoslynAnalysisRunner static constructor.
RoslynAnalysisRunner will not be running.
RoslynAnalysisRunner has terminated.
Mono: successfully reloaded assembly
- Completed reload, in  1.245 seconds
Platform modules already initialized, skipping
Refreshing native plugins compatible for Editor in 0.33 ms, found 0 plugins.
Preloading 0 native plugins for Editor in 0.00 ms.
Unloading 1199 Unused Serialized files (Serialized files now loaded: 0)
System memory in use before: 84.1 MB.
System memory in use after: 83.7 MB.

Unloading 7 unused Assets to reduce memory usage. Loaded Objects now: 1715.
Total: 3.292900 ms (FindLiveObjects: 0.205500 ms CreateObjectMapping: 0.055900 ms MarkObjects: 2.381700 ms  DeleteObjects: 0.638200 ms)

========================================================================
Received Prepare
Registering precompiled user dll's ...
Registered in 0.001210 seconds.
Begin MonoManager ReloadAssembly
Native extension for WindowsStandalone target not found
Native extension for WebGL target not found
Refreshing native plugins compatible for Editor in 0.29 ms, found 0 plugins.
Preloading 0 native plugins for Editor in 0.00 ms.
Invoked RoslynAnalysisRunner static constructor.
RoslynAnalysisRunner will not be running.
RoslynAnalysisRunner has terminated.
Mono: successfully reloaded assembly
- Completed reload, in  0.982 seconds
Platform modules already initialized, skipping
Refreshing native plugins compatible for Editor in 0.27 ms, found 0 plugins.
Preloading 0 native plugins for Editor in 0.00 ms.
Unloading 1199 Unused Serialized files (Serialized files now loaded: 0)
System memory in use before: 84.1 MB.
System memory in use after: 83.7 MB.

Unloading 7 unused Assets to reduce memory usage. Loaded Objects now: 1718.
Total: 2.514200 ms (FindLiveObjects: 0.220000 ms CreateObjectMapping: 0.060500 ms MarkObjects: 1.790600 ms  DeleteObjects: 0.441600 ms)

========================================================================
Received Prepare
Registering precompiled user dll's ...
Registered in 0.001040 seconds.
Begin MonoManager ReloadAssembly
Native extension for WindowsStandalone target not found
Native extension for WebGL target not found
Refreshing native plugins compatible for Editor in 0.29 ms, found 0 plugins.
Preloading 0 native plugins for Editor in 0.00 ms.
Invoked RoslynAnalysisRunner static constructor.
RoslynAnalysisRunner will not be running.
RoslynAnalysisRunner has terminated.
Mono: successfully reloaded assembly
- Completed reload, in  0.919 seconds
Platform modules already initialized, skipping
Refreshing native plugins compatible for Editor in 0.29 ms, found 0 plugins.
Preloading 0 native plugins for Editor in 0.00 ms.
Unloading 1199 Unused Serialized files (Serialized files now loaded: 0)
System memory in use before: 84.1 MB.
System memory in use after: 83.7 MB.

Unloading 7 unused Assets to reduce memory usage. Loaded Objects now: 1721.
Total: 2.663300 ms (FindLiveObjects: 0.171500 ms CreateObjectMapping: 0.048700 ms MarkObjects: 1.983300 ms  DeleteObjects: 0.458000 ms)

========================================================================
Received Prepare
Registering precompiled user dll's ...
Registered in 0.001423 seconds.
Begin MonoManager ReloadAssembly
Native extension for WindowsStandalone target not found
Native extension for WebGL target not found
Refreshing native plugins compatible for Editor in 0.27 ms, found 0 plugins.
Preloading 0 native plugins for Editor in 0.00 ms.
Invoked RoslynAnalysisRunner static constructor.
RoslynAnalysisRunner will not be running.
RoslynAnalysisRunner has terminated.
Mono: successfully reloaded assembly
- Completed reload, in  0.925 seconds
Platform modules already initialized, skipping
Refreshing native plugins compatible for Editor in 0.26 ms, found 0 plugins.
Preloading 0 native plugins for Editor in 0.00 ms.
Unloading 1199 Unused Serialized files (Serialized files now loaded: 0)
System memory in use before: 84.1 MB.
System memory in use after: 83.8 MB.

Unloading 7 unused Assets to reduce memory usage. Loaded Objects now: 1724.
Total: 3.028200 ms (FindLiveObjects: 0.260400 ms CreateObjectMapping: 0.082700 ms MarkObjects: 2.169100 ms  DeleteObjects: 0.514200 ms)

========================================================================
Received Import Request.
  Time since last request: 1287.764311 seconds.
  path: Assets/Animation/Attack Anim - placeholder.anim
  artifactKey: Guid(cbc87c7ea4968824dbcca19b88f5ce78) Importer(815301076,1909f56bfc062723c751e8b465ee728b)
Start importing Assets/Animation/Attack Anim - placeholder.anim using Guid(cbc87c7ea4968824dbcca19b88f5ce78) Importer(815301076,1909f56bfc062723c751e8b465ee728b)  -> (artifact id: '5990d12d681e80888a44f7d5a88645f4') in 0.023825 seconds
  Import took 0.026878 seconds .

========================================================================
Received Import Request.
  Time since last request: 0.003926 seconds.
  path: Assets/Animation/Attack Anim - placeholder.anim
  artifactKey: Guid(cbc87c7ea4968824dbcca19b88f5ce78) Importer(815301076,1909f56bfc062723c751e8b465ee728b)
Start importing Assets/Animation/Attack Anim - placeholder.anim using Guid(cbc87c7ea4968824dbcca19b88f5ce78) Importer(815301076,1909f56bfc062723c751e8b465ee728b)  -> (artifact id: '5990d12d681e80888a44f7d5a88645f4') in 0.005581 seconds
  Import took 0.008245 seconds .

========================================================================
Received Import Request.
  Time since last request: 106.841939 seconds.
  path: Assets/Asset Packs/Zombie/Animations/Z_Attack.anim
  artifactKey: Guid(de559bbb071ebfd40ab5af80881e75e8) Importer(815301076,1909f56bfc062723c751e8b465ee728b)
Start importing Assets/Asset Packs/Zombie/Animations/Z_Attack.anim using Guid(de559bbb071ebfd40ab5af80881e75e8) Importer(815301076,1909f56bfc062723c751e8b465ee728b)  -> (artifact id: '0cdcbcdcc35a7e8a0e83311edc91d515') in 0.026542 seconds
  Import took 0.030415 seconds .

========================================================================
Received Prepare
Registering precompiled user dll's ...
Registered in 0.001087 seconds.
Begin MonoManager ReloadAssembly
Native extension for WindowsStandalone target not found
Native extension for WebGL target not found
Refreshing native plugins compatible for Editor in 0.30 ms, found 0 plugins.
Preloading 0 native plugins for Editor in 0.00 ms.
Invoked RoslynAnalysisRunner static constructor.
RoslynAnalysisRunner will not be running.
RoslynAnalysisRunner has terminated.
Mono: successfully reloaded assembly
- Completed reload, in  0.934 seconds
Platform modules already initialized, skipping
Refreshing native plugins compatible for Editor in 0.26 ms, found 0 plugins.
Preloading 0 native plugins for Editor in 0.00 ms.
Unloading 1199 Unused Serialized files (Serialized files now loaded: 0)
System memory in use before: 84.2 MB.
System memory in use after: 83.8 MB.

Unloading 7 unused Assets to reduce memory usage. Loaded Objects now: 1727.
Total: 2.306800 ms (FindLiveObjects: 0.150100 ms CreateObjectMapping: 0.045800 ms MarkObjects: 1.647200 ms  DeleteObjects: 0.462800 ms)

========================================================================
Received Prepare
Registering precompiled user dll's ...
Registered in 0.001070 seconds.
Begin MonoManager ReloadAssembly
Native extension for WindowsStandalone target not found
Native extension for WebGL target not found
Refreshing native plugins compatible for Editor in 0.28 ms, found 0 plugins.
Preloading 0 native plugins for Editor in 0.00 ms.
Invoked RoslynAnalysisRunner static constructor.
RoslynAnalysisRunner will not be running.
RoslynAnalysisRunner has terminated.
Mono: successfully reloaded assembly
- Completed reload, in  1.063 seconds
Platform modules already initialized, skipping
Refreshing native plugins compatible for Editor in 0.59 ms, found 0 plugins.
Preloading 0 native plugins for Editor in 0.00 ms.
Unloading 1199 Unused Serialized files (Serialized files now loaded: 0)
System memory in use before: 84.1 MB.
System memory in use after: 83.9 MB.

Unloading 7 unused Assets to reduce memory usage. Loaded Objects now: 1730.
Total: 3.754300 ms (FindLiveObjects: 0.352700 ms CreateObjectMapping: 0.066500 ms MarkObjects: 2.740400 ms  DeleteObjects: 0.590500 ms)

========================================================================
Received Import Request.
  Time since last request: 520.753899 seconds.
  path: Assets/Prefabs/UI
  artifactKey: Guid(9cee0637b6b3a2145b613ef66d3b6796) Importer(815301076,1909f56bfc062723c751e8b465ee728b)
Start importing Assets/Prefabs/UI using Guid(9cee0637b6b3a2145b613ef66d3b6796) Importer(815301076,1909f56bfc062723c751e8b465ee728b)  -> (artifact id: '6f7e9469471e9b17cc7f68cd68970ce0') in 0.022975 seconds
  Import took 0.027682 seconds .

========================================================================
Received Import Request.
  Time since last request: 3.728062 seconds.
  path: Assets/Prefabs/UI/UI.prefab
  artifactKey: Guid(d8a64285321247f459f3826ad122b67a) Importer(815301076,1909f56bfc062723c751e8b465ee728b)
Start importing Assets/Prefabs/UI/UI.prefab using Guid(d8a64285321247f459f3826ad122b67a) Importer(815301076,1909f56bfc062723c751e8b465ee728b)  -> (artifact id: 'cb35b3a2b327916a00b32d3cae00e1bd') in 0.113043 seconds
  Import took 0.116912 seconds .

========================================================================
Received Import Request.
  Time since last request: 45.492067 seconds.
  path: Assets/Scenes/Sandbox.unity
  artifactKey: Guid(9fc0d4010bbf28b4594072e72b8655ab) Importer(815301076,1909f56bfc062723c751e8b465ee728b)
Start importing Assets/Scenes/Sandbox.unity using Guid(9fc0d4010bbf28b4594072e72b8655ab) Importer(815301076,1909f56bfc062723c751e8b465ee728b)  -> (artifact id: 'fd0605cb0f7c84e5868de47b0a77b867') in 0.014986 seconds
  Import took 0.017730 seconds .

========================================================================
Received Import Request.
  Time since last request: 0.885050 seconds.
  path: Assets/Scenes/Sandbox 1.unity
  artifactKey: Guid(90f2d23e028e64b4d8733e8eff39b82e) Importer(815301076,1909f56bfc062723c751e8b465ee728b)
Start importing Assets/Scenes/Sandbox 1.unity using Guid(90f2d23e028e64b4d8733e8eff39b82e) Importer(815301076,1909f56bfc062723c751e8b465ee728b)  -> (artifact id: '9f74f3f76e97d8973ca42a3ab30f1031') in 0.013913 seconds
  Import took 0.019050 seconds .

========================================================================
Received Import Request.
  Time since last request: 0.001874 seconds.
  path: Assets/Scenes/Sandbox 1.unity
  artifactKey: Guid(90f2d23e028e64b4d8733e8eff39b82e) Importer(815301076,1909f56bfc062723c751e8b465ee728b)
Start importing Assets/Scenes/Sandbox 1.unity using Guid(90f2d23e028e64b4d8733e8eff39b82e) Importer(815301076,1909f56bfc062723c751e8b465ee728b)  -> (artifact id: '9f74f3f76e97d8973ca42a3ab30f1031') in 0.007992 seconds
  Import took 0.011201 seconds .

========================================================================
Received Import Request.
  Time since last request: 10.596777 seconds.
  path: Assets/Scenes/Jailbreak.unity
  artifactKey: Guid(90f2d23e028e64b4d8733e8eff39b82e) Importer(815301076,1909f56bfc062723c751e8b465ee728b)
Start importing Assets/Scenes/Jailbreak.unity using Guid(90f2d23e028e64b4d8733e8eff39b82e) Importer(815301076,1909f56bfc062723c751e8b465ee728b)  -> (artifact id: '623d37e50c95c63172d1c698066ba784') in 0.016919 seconds
  Import took 0.021477 seconds .

========================================================================
Received Import Request.
  Time since last request: 0.002931 seconds.
  path: Assets/Scenes/Jailbreak.unity
  artifactKey: Guid(90f2d23e028e64b4d8733e8eff39b82e) Importer(815301076,1909f56bfc062723c751e8b465ee728b)
Start importing Assets/Scenes/Jailbreak.unity using Guid(90f2d23e028e64b4d8733e8eff39b82e) Importer(815301076,1909f56bfc062723c751e8b465ee728b)  -> (artifact id: '623d37e50c95c63172d1c698066ba784') in 0.007576 seconds
  Import took 0.011937 seconds .

