Using pre-set license
Built from '2020.3/staging' branch; Version is '2020.3.0f1 (c7b5465681fb) revision 13088070'; Using compiler version '192528614'; Build Type 'Release'
OS: 'Windows 10 Home; OS build 19042.928; Version 2009; 64bit' Language: 'en' Physical Memory: 8092 MB
BatchMode: 1, IsHumanControllingUs: 0, StartBugReporterOnCrash: 0, Is64bit: 1, IsPro: 0

 COMMAND LINE ARGUMENTS:
C:\Program Files\Unity\Hub\Editor\2020.3.0f1\Editor\Unity.exe
-adb2
-batchMode
-noUpm
-name
AssetImportWorker0
-projectPath
C:/Users/aviha/Desktop/Game Develop/Repos/Zombie-Attack/Zombie Attack
-logFile
Logs/AssetImportWorker0.log
-srvPort
64528
Successfully changed project path to: C:/Users/aviha/Desktop/Game Develop/Repos/Zombie-Attack/Zombie Attack
C:/Users/aviha/Desktop/Game Develop/Repos/Zombie-Attack/Zombie Attack
Using Asset Import Pipeline V2.
Refreshing native plugins compatible for Editor in 50.50 ms, found 0 plugins.
Preloading 0 native plugins for Editor in 0.00 ms.
Initialize engine version: 2020.3.0f1 (c7b5465681fb)
[Subsystems] Discovering subsystems at path C:/Program Files/Unity/Hub/Editor/2020.3.0f1/Editor/Data/Resources/UnitySubsystems
[Subsystems] Discovering subsystems at path C:/Users/aviha/Desktop/Game Develop/Repos/Zombie-Attack/Zombie Attack/Assets
GfxDevice: creating device client; threaded=0
Direct3D:
    Version:  Direct3D 11.0 [level 11.1]
    Renderer: Intel(R) UHD Graphics 620 (ID=0x5917)
    Vendor:   
    VRAM:     4046 MB
    Driver:   26.20.100.8142
Initialize mono
Mono path[0] = 'C:/Program Files/Unity/Hub/Editor/2020.3.0f1/Editor/Data/Managed'
Mono path[1] = 'C:/Program Files/Unity/Hub/Editor/2020.3.0f1/Editor/Data/MonoBleedingEdge/lib/mono/unityjit'
Mono config path = 'C:/Program Files/Unity/Hub/Editor/2020.3.0f1/Editor/Data/MonoBleedingEdge/etc'
Using monoOptions --debugger-agent=transport=dt_socket,embedding=1,server=y,suspend=n,address=127.0.0.1:56556
Begin MonoManager ReloadAssembly
Registering precompiled unity dll's ...
Register platform support module: C:/Program Files/Unity/Hub/Editor/2020.3.0f1/Editor/Data/PlaybackEngines/WebGLSupport/UnityEditor.WebGL.Extensions.dll
Register platform support module: C:/Program Files/Unity/Hub/Editor/2020.3.0f1/Editor/Data/PlaybackEngines/WindowsStandaloneSupport/UnityEditor.WindowsStandalone.Extensions.dll
Registered in 0.003967 seconds.
Native extension for WindowsStandalone target not found
Native extension for WebGL target not found
Refreshing native plugins compatible for Editor in 46.99 ms, found 0 plugins.
Preloading 0 native plugins for Editor in 0.00 ms.
Invoked RoslynAnalysisRunner static constructor.
RoslynAnalysisRunner will not be running.
RoslynAnalysisRunner has terminated.
Mono: successfully reloaded assembly
- Completed reload, in  2.240 seconds
Platform modules already initialized, skipping
Registering precompiled user dll's ...
Registered in 0.004596 seconds.
Begin MonoManager ReloadAssembly
Native extension for WindowsStandalone target not found
Native extension for WebGL target not found
Refreshing native plugins compatible for Editor in 0.50 ms, found 0 plugins.
Preloading 0 native plugins for Editor in 0.00 ms.
Invoked RoslynAnalysisRunner static constructor.
RoslynAnalysisRunner will not be running.
RoslynAnalysisRunner has terminated.
Mono: successfully reloaded assembly
- Completed reload, in  3.126 seconds
Platform modules already initialized, skipping
========================================================================
Worker process is ready to serve import requests
Launched and connected shader compiler UnityShaderCompiler.exe after 0.13 seconds
Refreshing native plugins compatible for Editor in 0.87 ms, found 0 plugins.
Preloading 0 native plugins for Editor in 0.00 ms.
Unloading 1628 Unused Serialized files (Serialized files now loaded: 0)
System memory in use before: 103.1 MB.
System memory in use after: 102.8 MB.

Unloading 73 unused Assets to reduce memory usage. Loaded Objects now: 2096.
Total: 17.154000 ms (FindLiveObjects: 0.434200 ms CreateObjectMapping: 0.141800 ms MarkObjects: 14.288500 ms  DeleteObjects: 2.283800 ms)

========================================================================
Received Import Request.
  path: Assets/Scenes/Jailbreak.unity
  artifactKey: Guid(90f2d23e028e64b4d8733e8eff39b82e) Importer(815301076,1909f56bfc062723c751e8b465ee728b)
Start importing Assets/Scenes/Jailbreak.unity using Guid(90f2d23e028e64b4d8733e8eff39b82e) Importer(815301076,1909f56bfc062723c751e8b465ee728b)  -> (artifact id: '84ac30fa74ecaafbd82c8084c8ff6820') in 0.042224 seconds
  Import took 0.048753 seconds .

========================================================================
Received Prepare
Refreshing native plugins compatible for Editor in 3.03 ms, found 0 plugins.
Preloading 0 native plugins for Editor in 0.00 ms.
Unloading 5 Unused Serialized files (Serialized files now loaded: 0)
System memory in use before: 67.6 MB.
System memory in use after: 67.4 MB.

Unloading 5 unused Assets to reduce memory usage. Loaded Objects now: 2096.
Total: 11.110500 ms (FindLiveObjects: 0.438300 ms CreateObjectMapping: 0.116500 ms MarkObjects: 9.465000 ms  DeleteObjects: 1.082300 ms)

AssetImportWorkerClient::OnTransportError - code=2 error=End of file
